{ = Inicio
// = InFactor
Prueba = Identificador
de = Identificador
fuego = Identificador
x26 = Identificador
= = Asignacion
3.141592 = Numero
++ = InTermino
+ = OpTermino
-- = InTermino
- = OpTermino
&& = OpLogico
& = Caracter
|| = OpLogico
| = Caracter
== = OpRelacional
= = Asignacion
! = OpLogico
!= = OpRelacional
= = Asignacion
// = InFactor
Test = Identificador
< = OpRelacional
< = OpRelacional
< = OpRelacional
> = OpRelacional
> = OpRelacional
> = OpRelacional
"Hola mundo" = cadena
; = FinSentencia
"" = cadena
; = FinSentencia
+= = InTermino
-= = InTermino
*= = InFactor
/= = InFactor
%= = InFactor
? = OpTernario
} = Fin
Error Lexico: no se cerro la cadena
