x26 = Identificador
= = Asignacion
1.5e-8 = Numero
; = FinSentencia
= = Asignacion
= = Asignacion
= = Asignacion
&& = OpRelacional
& = Caracter
|| = OpRelacional
| = Caracter
! = OpLogico
!= = OpRelacional
< = OpRelacional
< = OpRelacional
<> = OpRelacional
>> = OpRelacional
>= = OpRelacional
<= = OpRelacional
++ = IncTermino
+ = OpTermino
-- = IncTermino
- = OpTermino
+= = IncTermino
-= = IncTermino
* = OpFactor
/ = OpFactor
*= = InFactor
/= = InFactor
% = OpFactor
%= = InFactor
? = OpTernario
" = Asignacion
" = Asignacion
" = Asignacion
Hola = Identificador
mundo = Identificador
" = Asignacion
{ = Asignacion
} = Asignacion
" = Asignacion
